<?xml version="1.0" encoding="UTF-8"?>
<!-- Generated by org.testng.reporters.JUnitReportReporter -->
<testsuite hostname="DESKTOP-CDPUK5J" failures="0" tests="1" name="AnnotationsPractice" time="0.005" errors="0" timestamp="2023-08-22T10:05:26 EDT" skipped="0">
  <testcase classname="AnnotationsPractice" name="Method5" time="0.005"/>
</testsuite> <!-- AnnotationsPractice -->
