<?xml version="1.0" encoding="UTF-8"?>
<!-- Generated by org.testng.reporters.JUnitReportReporter -->
<testsuite hostname="DESKTOP-CDPUK5J" failures="0" tests="1" name="Screenshot" time="4.522" errors="0" timestamp="2023-08-23T15:49:13 EDT" skipped="0">
  <testcase classname="Screenshot" name="takingScreenshot" time="4.522"/>
</testsuite> <!-- Screenshot -->
